
Deprecated: PHPUnit\Framework\Exception::__construct(): Implicitly marking parameter $previous as nullable is deprecated, the explicit nullable type must be used instead in phar://E:/WelineFramework/DEV-workspace/extend/phpunit.phar/phpunit/Framework/Exception/Exception.php on line 46
php : PHP Deprecated:  PHPUnit\Framework\Exception::__construct(): Implicitly marking parameter $previous as nullable 
is deprecated, the explicit nullable type must be used instead in 
phar://E:/WelineFramework/DEV-workspace/extend/phpunit.phar/phpunit/Framework/Exception/Exception.php on line 46
At line:2 char:117
+ ... lish.phtml; php extend/phpunit.phar --no-coverage --configuration php ...
+                 ~~~~~~~~~~~~~~~~~~~~~~~~~~~~~~~~~~~~~~~~~~~~~~~~~~~~~~~~~
    + CategoryInfo          : NotSpecified: (PHP Deprecated:....php on line 46:String) [], RemoteException
    + FullyQualifiedErrorId : NativeCommandError
 

Deprecated: PHPUnit\Framework\Constraint\Constraint::fail(): Implicitly marking parameter $comparisonFailure as nullable is deprecated, the explicit nullable type must be used instead in phar://E:/WelineFramework/DEV-workspace/extend/phpunit.phar/phpunit/Framework/Constraint/Constraint.php on line 81
PHP Deprecated:  PHPUnit\Framework\Constraint\Constraint::fail(): Implicitly marking parameter $comparisonFailure as 
nullable is deprecated, the explicit nullable type must be used instead in 
phar://E:/WelineFramework/DEV-workspace/extend/phpunit.phar/phpunit/Framework/Constraint/Constraint.php on line 81
PHP Deprecated:  PHPUnit\Framework\Constraint\JsonMatches::fail(): Implicitly marking parameter $comparisonFailure as 
nullable is deprecated, the explicit nullable type must be used instead in 
phar://E:/WelineFramework/DEV-workspace/extend/phpunit.phar/phpunit/Framework/Constraint/JsonMatches.php on line 61

Deprecated: PHPUnit\Framework\Constraint\JsonMatches::fail(): Implicitly marking parameter $comparisonFailure as nullable is deprecated, the explicit nullable type must be used instead in phar://E:/WelineFramework/DEV-workspace/extend/phpunit.phar/phpunit/Framework/Constraint/JsonMatches.php on line 61
PHP Deprecated:  PHPUnit\Framework\ExpectationFailedException::__construct(): Implicitly marking parameter 
$comparisonFailure as nullable is deprecated, the explicit nullable type must be used instead in 
phar://E:/WelineFramework/DEV-workspace/extend/phpunit.phar/phpunit/Framework/Exception/ExpectationFailedException.php 
on line 28

Deprecated: PHPUnit\Framework\ExpectationFailedException::__construct(): Implicitly marking parameter $comparisonFailure as nullable is deprecated, the explicit nullable type must be used instead in phar://E:/WelineFramework/DEV-workspace/extend/phpunit.phar/phpunit/Framework/Exception/ExpectationFailedException.php on line 28
PHP Deprecated:  PHPUnit\Framework\ExpectationFailedException::__construct(): Implicitly marking parameter $previous 
as nullable is deprecated, the explicit nullable type must be used instead in 
phar://E:/WelineFramework/DEV-workspace/extend/phpunit.phar/phpunit/Framework/Exception/ExpectationFailedException.php 
on line 28

Deprecated: PHPUnit\Framework\ExpectationFailedException::__construct(): Implicitly marking parameter $previous as nullable is deprecated, the explicit nullable type must be used instead in phar://E:/WelineFramework/DEV-workspace/extend/phpunit.phar/phpunit/Framework/Exception/ExpectationFailedException.php on line 28
PHP Deprecated:  PHPUnit\Framework\MockObject\Generator::getMock(): Implicitly marking parameter $proxyTarget as 
nullable is deprecated, the explicit nullable type must be used instead in 
phar://E:/WelineFramework/DEV-workspace/extend/phpunit.phar/phpunit/Framework/MockObject/Generator.php on line 86

Deprecated: PHPUnit\Framework\MockObject\Generator::getMock(): Implicitly marking parameter $proxyTarget as nullable is deprecated, the explicit nullable type must be used instead in phar://E:/WelineFramework/DEV-workspace/extend/phpunit.phar/phpunit/Framework/MockObject/Generator.php on line 86
PHP Deprecated:  PHPUnit\Framework\MockObject\Generator::getMockForAbstractClass(): Implicitly marking parameter 
$mockedMethods as nullable is deprecated, the explicit nullable type must be used instead in 
phar://E:/WelineFramework/DEV-workspace/extend/phpunit.phar/phpunit/Framework/MockObject/Generator.php on line 167

Deprecated: PHPUnit\Framework\MockObject\Generator::getMockForAbstractClass(): Implicitly marking parameter $mockedMethods as nullable is deprecated, the explicit nullable type must be used instead in phar://E:/WelineFramework/DEV-workspace/extend/phpunit.phar/phpunit/Framework/MockObject/Generator.php on line 167
PHP Deprecated:  PHPUnit\Framework\MockObject\Generator::getMockForTrait(): Implicitly marking parameter 
$mockedMethods as nullable is deprecated, the explicit nullable type must be used instead in 
phar://E:/WelineFramework/DEV-workspace/extend/phpunit.phar/phpunit/Framework/MockObject/Generator.php on line 209

Deprecated: PHPUnit\Framework\MockObject\Generator::getMockForTrait(): Implicitly marking parameter $mockedMethods as nullable is deprecated, the explicit nullable type must be used instead in phar://E:/WelineFramework/DEV-workspace/extend/phpunit.phar/phpunit/Framework/MockObject/Generator.php on line 209
PHP Deprecated:  PHPUnit\Framework\MockObject\Generator::generate(): Implicitly marking parameter $methods as nullable 
is deprecated, the explicit nullable type must be used instead in 
phar://E:/WelineFramework/DEV-workspace/extend/phpunit.phar/phpunit/Framework/MockObject/Generator.php on line 247

Deprecated: PHPUnit\Framework\MockObject\Generator::generate(): Implicitly marking parameter $methods as nullable is deprecated, the explicit nullable type must be used instead in phar://E:/WelineFramework/DEV-workspace/extend/phpunit.phar/phpunit/Framework/MockObject/Generator.php on line 247
PHP Deprecated:  PHPUnit\Framework\MockObject\Generator::getObject(): Implicitly marking parameter $proxyTarget as 
nullable is deprecated, the explicit nullable type must be used instead in 
phar://E:/WelineFramework/DEV-workspace/extend/phpunit.phar/phpunit/Framework/MockObject/Generator.php on line 397

Deprecated: PHPUnit\Framework\MockObject\Generator::getObject(): Implicitly marking parameter $proxyTarget as nullable is deprecated, the explicit nullable type must be used instead in phar://E:/WelineFramework/DEV-workspace/extend/phpunit.phar/phpunit/Framework/MockObject/Generator.php on line 397
PHP Deprecated:  PHPUnit\PharIo\Manifest\Manifest::isExtensionFor(): Implicitly marking parameter $version as nullable 
is deprecated, the explicit nullable type must be used instead in 
phar://E:/WelineFramework/DEV-workspace/extend/phpunit.phar/phar-io-manifest/values/Manifest.php on line 74

Deprecated: PHPUnit\PharIo\Manifest\Manifest::isExtensionFor(): Implicitly marking parameter $version as nullable is deprecated, the explicit nullable type must be used instead in phar://E:/WelineFramework/DEV-workspace/extend/phpunit.phar/phar-io-manifest/values/Manifest.php on line 74
PHP Deprecated:  PHPUnit\PhpParser\ConstExprEvaluator::__construct(): Implicitly marking parameter $fallbackEvaluator 
as nullable is deprecated, the explicit nullable type must be used instead in 
phar://E:/WelineFramework/DEV-workspace/extend/phpunit.phar/nikic-php-parser/PhpParser/ConstExprEvaluator.php on line 
38

Deprecated: PHPUnit\PhpParser\ConstExprEvaluator::__construct(): Implicitly marking parameter $fallbackEvaluator as nullable is deprecated, the explicit nullable type must be used instead in phar://E:/WelineFramework/DEV-workspace/extend/phpunit.phar/nikic-php-parser/PhpParser/ConstExprEvaluator.php on line 38
PHP Deprecated:  PHPUnit\PhpParser\Internal\PrintableNewAnonClassNode::__construct(): Implicitly marking parameter 
$extends as nullable is deprecated, the explicit nullable type must be used instead in phar://E:/WelineFramework/DEV-wo
rkspace/extend/phpunit.phar/nikic-php-parser/PhpParser/Internal/PrintableNewAnonClassNode.php on line 30

Deprecated: PHPUnit\PhpParser\Internal\PrintableNewAnonClassNode::__construct(): Implicitly marking parameter $extends as nullable is deprecated, the explicit nullable type must be used instead in phar://E:/WelineFramework/DEV-workspace/extend/phpunit.phar/nikic-php-parser/PhpParser/Internal/PrintableNewAnonClassNode.php on line 30
PHP Deprecated:  PHPUnit\PhpParser\Lexer::startLexing(): Implicitly marking parameter $errorHandler as nullable is 
deprecated, the explicit nullable type must be used instead in 
phar://E:/WelineFramework/DEV-workspace/extend/phpunit.phar/nikic-php-parser/PhpParser/Lexer.php on line 64

Deprecated: PHPUnit\PhpParser\Lexer::startLexing(): Implicitly marking parameter $errorHandler as nullable is deprecated, the explicit nullable type must be used instead in phar://E:/WelineFramework/DEV-workspace/extend/phpunit.phar/nikic-php-parser/PhpParser/Lexer.php on line 64
PHP Deprecated:  PHPUnit\PhpParser\Lexer\Emulative::startLexing(): Implicitly marking parameter $errorHandler as 
nullable is deprecated, the explicit nullable type must be used instead in 
phar://E:/WelineFramework/DEV-workspace/extend/phpunit.phar/nikic-php-parser/PhpParser/Lexer/Emulative.php on line 59

Deprecated: PHPUnit\PhpParser\Lexer\Emulative::startLexing(): Implicitly marking parameter $errorHandler as nullable is deprecated, the explicit nullable type must be used instead in phar://E:/WelineFramework/DEV-workspace/extend/phpunit.phar/nikic-php-parser/PhpParser/Lexer/Emulative.php on line 59
PHP Deprecated:  PHPUnit\PhpParser\NameContext::startNamespace(): Implicitly marking parameter $namespace as nullable 
is deprecated, the explicit nullable type must be used instead in 
phar://E:/WelineFramework/DEV-workspace/extend/phpunit.phar/nikic-php-parser/PhpParser/NameContext.php on line 35

Deprecated: PHPUnit\PhpParser\NameContext::startNamespace(): Implicitly marking parameter $namespace as nullable is deprecated, the explicit nullable type must be used instead in phar://E:/WelineFramework/DEV-workspace/extend/phpunit.phar/nikic-php-parser/PhpParser/NameContext.php on line 35
PHP Deprecated:  PHPUnit\PhpParser\NodeDumper::dump(): Implicitly marking parameter $code as nullable is deprecated, 
the explicit nullable type must be used instead in 
phar://E:/WelineFramework/DEV-workspace/extend/phpunit.phar/nikic-php-parser/PhpParser/NodeDumper.php on line 41

Deprecated: PHPUnit\PhpParser\NodeDumper::dump(): Implicitly marking parameter $code as nullable is deprecated, the explicit nullable type must be used instead in phar://E:/WelineFramework/DEV-workspace/extend/phpunit.phar/nikic-php-parser/PhpParser/NodeDumper.php on line 41
PHP Deprecated:  PHPUnit\PhpParser\NodeVisitor\NameResolver::__construct(): Implicitly marking parameter $errorHandler 
as nullable is deprecated, the explicit nullable type must be used instead in 
phar://E:/WelineFramework/DEV-workspace/extend/phpunit.phar/nikic-php-parser/PhpParser/NodeVisitor/NameResolver.php on 
line 35

Deprecated: PHPUnit\PhpParser\NodeVisitor\NameResolver::__construct(): Implicitly marking parameter $errorHandler as nullable is deprecated, the explicit nullable type must be used instead in phar://E:/WelineFramework/DEV-workspace/extend/phpunit.phar/nikic-php-parser/PhpParser/NodeVisitor/NameResolver.php on line 35

Deprecated: PHPUnit\PhpParser\NodeVisitor\NameResolver::addAlias(): Implicitly marking parameter $prefix as nullable is deprecated, the explicit nullable type must be used instead in phar://E:/WelineFramework/DEV-workspace/extend/phpunit.phar/nikic-php-parser/PhpParser/NodeVisitor/NameResolver.php on line 150
PHP Deprecated:  PHPUnit\PhpParser\NodeVisitor\NameResolver::addAlias(): Implicitly marking parameter $prefix as 
nullable is deprecated, the explicit nullable type must be used instead in 
phar://E:/WelineFramework/DEV-workspace/extend/phpunit.phar/nikic-php-parser/PhpParser/NodeVisitor/NameResolver.php on 
line 150
PHP Deprecated:  PHPUnit\PhpParser\Node\Arg::__construct(): Implicitly marking parameter $name as nullable is 
deprecated, the explicit nullable type must be used instead in 
phar://E:/WelineFramework/DEV-workspace/extend/phpunit.phar/nikic-php-parser/PhpParser/Node/Arg.php on line 27

Deprecated: PHPUnit\PhpParser\Node\Arg::__construct(): Implicitly marking parameter $name as nullable is deprecated, the explicit nullable type must be used instead in phar://E:/WelineFramework/DEV-workspace/extend/phpunit.phar/nikic-php-parser/PhpParser/Node/Arg.php on line 27
PHP Deprecated:  PHPUnit\PhpParser\Node\Expr\ArrayDimFetch::__construct(): Implicitly marking parameter $dim as 
nullable is deprecated, the explicit nullable type must be used instead in 
phar://E:/WelineFramework/DEV-workspace/extend/phpunit.phar/nikic-php-parser/PhpParser/Node/Expr/ArrayDimFetch.php on 
line 20

Deprecated: PHPUnit\PhpParser\Node\Expr\ArrayDimFetch::__construct(): Implicitly marking parameter $dim as nullable is deprecated, the explicit nullable type must be used instead in phar://E:/WelineFramework/DEV-workspace/extend/phpunit.phar/nikic-php-parser/PhpParser/Node/Expr/ArrayDimFetch.php on line 20
PHP Deprecated:  PHPUnit\PhpParser\Node\Expr\ArrayItem::__construct(): Implicitly marking parameter $key as nullable 
is deprecated, the explicit nullable type must be used instead in 
phar://E:/WelineFramework/DEV-workspace/extend/phpunit.phar/nikic-php-parser/PhpParser/Node/Expr/ArrayItem.php on line 
25

Deprecated: PHPUnit\PhpParser\Node\Expr\ArrayItem::__construct(): Implicitly marking parameter $key as nullable is deprecated, the explicit nullable type must be used instead in phar://E:/WelineFramework/DEV-workspace/extend/phpunit.phar/nikic-php-parser/PhpParser/Node/Expr/ArrayItem.php on line 25
PHP Deprecated:  PHPUnit\PhpParser\Node\Expr\Exit_::__construct(): Implicitly marking parameter $expr as nullable is 
deprecated, the explicit nullable type must be used instead in 
phar://E:/WelineFramework/DEV-workspace/extend/phpunit.phar/nikic-php-parser/PhpParser/Node/Expr/Exit_.php on line 20

Deprecated: PHPUnit\PhpParser\Node\Expr\Exit_::__construct(): Implicitly marking parameter $expr as nullable is deprecated, the explicit nullable type must be used instead in phar://E:/WelineFramework/DEV-workspace/extend/phpunit.phar/nikic-php-parser/PhpParser/Node/Expr/Exit_.php on line 20
PHP Deprecated:  PHPUnit\PhpParser\Node\Expr\Yield_::__construct(): Implicitly marking parameter $value as nullable is 
deprecated, the explicit nullable type must be used instead in 
phar://E:/WelineFramework/DEV-workspace/extend/phpunit.phar/nikic-php-parser/PhpParser/Node/Expr/Yield_.php on line 20

Deprecated: PHPUnit\PhpParser\Node\Expr\Yield_::__construct(): Implicitly marking parameter $value as nullable is deprecated, the explicit nullable type must be used instead in phar://E:/WelineFramework/DEV-workspace/extend/phpunit.phar/nikic-php-parser/PhpParser/Node/Expr/Yield_.php on line 20

Deprecated: PHPUnit\PhpParser\Node\Expr\Yield_::__construct(): Implicitly marking parameter $key as nullable is deprecated, the explicit nullable type must be used instead in phar://E:/WelineFramework/DEV-workspace/extend/phpunit.phar/nikic-php-parser/PhpParser/Node/Expr/Yield_.php on line 20
PHP Deprecated:  PHPUnit\PhpParser\Node\Expr\Yield_::__construct(): Implicitly marking parameter $key as nullable is 
deprecated, the explicit nullable type must be used instead in 
phar://E:/WelineFramework/DEV-workspace/extend/phpunit.phar/nikic-php-parser/PhpParser/Node/Expr/Yield_.php on line 20
PHP Deprecated:  PHPUnit\PhpParser\Node\Name::slice(): Implicitly marking parameter $length as nullable is deprecated, 
the explicit nullable type must be used instead in 
phar://E:/WelineFramework/DEV-workspace/extend/phpunit.phar/nikic-php-parser/PhpParser/Node/Name.php on line 146

Deprecated: PHPUnit\PhpParser\Node\Name::slice(): Implicitly marking parameter $length as nullable is deprecated, the explicit nullable type must be used instead in phar://E:/WelineFramework/DEV-workspace/extend/phpunit.phar/nikic-php-parser/PhpParser/Node/Name.php on line 146
PHP Deprecated:  PHPUnit\PhpParser\Node\Param::__construct(): Implicitly marking parameter $default as nullable is 
deprecated, the explicit nullable type must be used instead in 
phar://E:/WelineFramework/DEV-workspace/extend/phpunit.phar/nikic-php-parser/PhpParser/Node/Param.php on line 35

Deprecated: PHPUnit\PhpParser\Node\Param::__construct(): Implicitly marking parameter $default as nullable is deprecated, the explicit nullable type must be used instead in phar://E:/WelineFramework/DEV-workspace/extend/phpunit.phar/nikic-php-parser/PhpParser/Node/Param.php on line 35
PHP Deprecated:  PHPUnit\PhpParser\Node\Stmt\Break_::__construct(): Implicitly marking parameter $num as nullable is 
deprecated, the explicit nullable type must be used instead in 
phar://E:/WelineFramework/DEV-workspace/extend/phpunit.phar/nikic-php-parser/PhpParser/Node/Stmt/Break_.php on line 17

Deprecated: PHPUnit\PhpParser\Node\Stmt\Break_::__construct(): Implicitly marking parameter $num as nullable is deprecated, the explicit nullable type must be used instead in phar://E:/WelineFramework/DEV-workspace/extend/phpunit.phar/nikic-php-parser/PhpParser/Node/Stmt/Break_.php on line 17
PHP Deprecated:  PHPUnit\PhpParser\Node\Stmt\Catch_::__construct(): Implicitly marking parameter $var as nullable is 
deprecated, the explicit nullable type must be used instead in 
phar://E:/WelineFramework/DEV-workspace/extend/phpunit.phar/nikic-php-parser/PhpParser/Node/Stmt/Catch_.php on line 24

Deprecated: PHPUnit\PhpParser\Node\Stmt\Catch_::__construct(): Implicitly marking parameter $var as nullable is deprecated, the explicit nullable type must be used instead in phar://E:/WelineFramework/DEV-workspace/extend/phpunit.phar/nikic-php-parser/PhpParser/Node/Stmt/Catch_.php on line 24
PHP Deprecated:  PHPUnit\PhpParser\Node\Stmt\Continue_::__construct(): Implicitly marking parameter $num as nullable 
is deprecated, the explicit nullable type must be used instead in 
phar://E:/WelineFramework/DEV-workspace/extend/phpunit.phar/nikic-php-parser/PhpParser/Node/Stmt/Continue_.php on line 
17

Deprecated: PHPUnit\PhpParser\Node\Stmt\Continue_::__construct(): Implicitly marking parameter $num as nullable is deprecated, the explicit nullable type must be used instead in phar://E:/WelineFramework/DEV-workspace/extend/phpunit.phar/nikic-php-parser/PhpParser/Node/Stmt/Continue_.php on line 17

Deprecated: PHPUnit\PhpParser\Node\Stmt\Declare_::__construct(): Implicitly marking parameter $stmts as nullable is deprecated, the explicit nullable type must be used instead in phar://E:/WelineFramework/DEV-workspace/extend/phpunit.phar/nikic-php-parser/PhpParser/Node/Stmt/Declare_.php on line 20
PHP Deprecated:  PHPUnit\PhpParser\Node\Stmt\Declare_::__construct(): Implicitly marking parameter $stmts as nullable 
is deprecated, the explicit nullable type must be used instead in 
phar://E:/WelineFramework/DEV-workspace/extend/phpunit.phar/nikic-php-parser/PhpParser/Node/Stmt/Declare_.php on line 
20
PHP Deprecated:  PHPUnit\PhpParser\Node\Stmt\EnumCase::__construct(): Implicitly marking parameter $expr as nullable 
is deprecated, the explicit nullable type must be used instead in 
phar://E:/WelineFramework/DEV-workspace/extend/phpunit.phar/nikic-php-parser/PhpParser/Node/Stmt/EnumCase.php on line 
22

Deprecated: PHPUnit\PhpParser\Node\Stmt\EnumCase::__construct(): Implicitly marking parameter $expr as nullable is deprecated, the explicit nullable type must be used instead in phar://E:/WelineFramework/DEV-workspace/extend/phpunit.phar/nikic-php-parser/PhpParser/Node/Stmt/EnumCase.php on line 22

Deprecated: PHPUnit\PhpParser\Node\Stmt\Namespace_::__construct(): Implicitly marking parameter $name as nullable is deprecated, the explicit nullable type must be used instead in phar://E:/WelineFramework/DEV-workspace/extend/phpunit.phar/nikic-php-parser/PhpParser/Node/Stmt/Namespace_.php on line 23
PHP Deprecated:  PHPUnit\PhpParser\Node\Stmt\Namespace_::__construct(): Implicitly marking parameter $name as nullable 
is deprecated, the explicit nullable type must be used instead in 
phar://E:/WelineFramework/DEV-workspace/extend/phpunit.phar/nikic-php-parser/PhpParser/Node/Stmt/Namespace_.php on 
line 23
PHP Deprecated:  PHPUnit\PhpParser\Node\Stmt\PropertyProperty::__construct(): Implicitly marking parameter $default as 
nullable is deprecated, the explicit nullable type must be used instead in 
phar://E:/WelineFramework/DEV-workspace/extend/phpunit.phar/nikic-php-parser/PhpParser/Node/Stmt/PropertyProperty.php 
on line 20

Deprecated: PHPUnit\PhpParser\Node\Stmt\PropertyProperty::__construct(): Implicitly marking parameter $default as nullable is deprecated, the explicit nullable type must be used instead in phar://E:/WelineFramework/DEV-workspace/extend/phpunit.phar/nikic-php-parser/PhpParser/Node/Stmt/PropertyProperty.php on line 20
PHP Deprecated:  PHPUnit\PhpParser\Node\Stmt\Return_::__construct(): Implicitly marking parameter $expr as nullable is 
deprecated, the explicit nullable type must be used instead in 
phar://E:/WelineFramework/DEV-workspace/extend/phpunit.phar/nikic-php-parser/PhpParser/Node/Stmt/Return_.php on line 17

Deprecated: PHPUnit\PhpParser\Node\Stmt\Return_::__construct(): Implicitly marking parameter $expr as nullable is deprecated, the explicit nullable type must be used instead in phar://E:/WelineFramework/DEV-workspace/extend/phpunit.phar/nikic-php-parser/PhpParser/Node/Stmt/Return_.php on line 17
PHP Deprecated:  PHPUnit\PhpParser\Node\Stmt\StaticVar::__construct(): Implicitly marking parameter $default as 
nullable is deprecated, the explicit nullable type must be used instead in 
phar://E:/WelineFramework/DEV-workspace/extend/phpunit.phar/nikic-php-parser/PhpParser/Node/Stmt/StaticVar.php on line 
21

Deprecated: PHPUnit\PhpParser\Node\Stmt\StaticVar::__construct(): Implicitly marking parameter $default as nullable is deprecated, the explicit nullable type must be used instead in phar://E:/WelineFramework/DEV-workspace/extend/phpunit.phar/nikic-php-parser/PhpParser/Node/Stmt/StaticVar.php on line 21
PHP Deprecated:  PHPUnit\PhpParser\Node\Stmt\TryCatch::__construct(): Implicitly marking parameter $finally as 
nullable is deprecated, the explicit nullable type must be used instead in 
phar://E:/WelineFramework/DEV-workspace/extend/phpunit.phar/nikic-php-parser/PhpParser/Node/Stmt/TryCatch.php on line 
23

Deprecated: PHPUnit\PhpParser\Node\Stmt\TryCatch::__construct(): Implicitly marking parameter $finally as nullable is deprecated, the explicit nullable type must be used instead in phar://E:/WelineFramework/DEV-workspace/extend/phpunit.phar/nikic-php-parser/PhpParser/Node/Stmt/TryCatch.php on line 23
PHP Deprecated:  PHPUnit\PhpParser\Parser::parse(): Implicitly marking parameter $errorHandler as nullable is 
deprecated, the explicit nullable type must be used instead in 
phar://E:/WelineFramework/DEV-workspace/extend/phpunit.phar/nikic-php-parser/PhpParser/Parser.php on line 18

Deprecated: PHPUnit\PhpParser\Parser::parse(): Implicitly marking parameter $errorHandler as nullable is deprecated, the explicit nullable type must be used instead in phar://E:/WelineFramework/DEV-workspace/extend/phpunit.phar/nikic-php-parser/PhpParser/Parser.php on line 18
PHP Deprecated:  PHPUnit\PhpParser\ParserAbstract::parse(): Implicitly marking parameter $errorHandler as nullable is 
deprecated, the explicit nullable type must be used instead in 
phar://E:/WelineFramework/DEV-workspace/extend/phpunit.phar/nikic-php-parser/PhpParser/ParserAbstract.php on line 142

Deprecated: PHPUnit\PhpParser\ParserAbstract::parse(): Implicitly marking parameter $errorHandler as nullable is deprecated, the explicit nullable type must be used instead in phar://E:/WelineFramework/DEV-workspace/extend/phpunit.phar/nikic-php-parser/PhpParser/ParserAbstract.php on line 142
PHP Deprecated:  PHPUnit\PhpParser\ParserFactory::create(): Implicitly marking parameter $lexer as nullable is 
deprecated, the explicit nullable type must be used instead in 
phar://E:/WelineFramework/DEV-workspace/extend/phpunit.phar/nikic-php-parser/PhpParser/ParserFactory.php on line 21

Deprecated: PHPUnit\PhpParser\ParserFactory::create(): Implicitly marking parameter $lexer as nullable is deprecated, the explicit nullable type must be used instead in phar://E:/WelineFramework/DEV-workspace/extend/phpunit.phar/nikic-php-parser/PhpParser/ParserFactory.php on line 21
PHP Deprecated:  PHPUnit\PhpParser\Parser\Multiple::parse(): Implicitly marking parameter $errorHandler as nullable is 
deprecated, the explicit nullable type must be used instead in 
phar://E:/WelineFramework/DEV-workspace/extend/phpunit.phar/nikic-php-parser/PhpParser/Parser/Multiple.php on line 26

Deprecated: PHPUnit\PhpParser\Parser\Multiple::parse(): Implicitly marking parameter $errorHandler as nullable is deprecated, the explicit nullable type must be used instead in phar://E:/WelineFramework/DEV-workspace/extend/phpunit.phar/nikic-php-parser/PhpParser/Parser/Multiple.php on line 26
PHP Deprecated:  PHPUnit\Runner\PhptTestCase::__construct(): Implicitly marking parameter $phpUtil as nullable is 
deprecated, the explicit nullable type must be used instead in 
phar://E:/WelineFramework/DEV-workspace/extend/phpunit.phar/phpunit/Runner/PhptTestCase.php on line 82

Deprecated: PHPUnit\Runner\PhptTestCase::__construct(): Implicitly marking parameter $phpUtil as nullable is deprecated, the explicit nullable type must be used instead in phar://E:/WelineFramework/DEV-workspace/extend/phpunit.phar/phpunit/Runner/PhptTestCase.php on line 82
PHP Deprecated:  PHPUnit\SebastianBergmann\CliParser\Parser::parse(): Implicitly marking parameter $longOptions as 
nullable is deprecated, the explicit nullable type must be used instead in 
phar://E:/WelineFramework/DEV-workspace/extend/phpunit.phar/sebastian-cli-parser/Parser.php on line 48

Deprecated: PHPUnit\SebastianBergmann\CliParser\Parser::parse(): Implicitly marking parameter $longOptions as nullable is deprecated, the explicit nullable type must be used instead in phar://E:/WelineFramework/DEV-workspace/extend/phpunit.phar/sebastian-cli-parser/Parser.php on line 48
PHP Deprecated:  PHPUnit\SebastianBergmann\CodeCoverage\CodeCoverage::start(): Implicitly marking parameter $size as 
nullable is deprecated, the explicit nullable type must be used instead in 
phar://E:/WelineFramework/DEV-workspace/extend/phpunit.phar/php-code-coverage/CodeCoverage.php on line 137

Deprecated: PHPUnit\SebastianBergmann\CodeCoverage\CodeCoverage::start(): Implicitly marking parameter $size as nullable is deprecated, the explicit nullable type must be used instead in phar://E:/WelineFramework/DEV-workspace/extend/phpunit.phar/php-code-coverage/CodeCoverage.php on line 137
PHP Deprecated:  PHPUnit\SebastianBergmann\CodeCoverage\CodeCoverage::stop(): Implicitly marking parameter $status as 
nullable is deprecated, the explicit nullable type must be used instead in 
phar://E:/WelineFramework/DEV-workspace/extend/phpunit.phar/php-code-coverage/CodeCoverage.php on line 149
PHP Deprecated:  PHPUnit\SebastianBergmann\CodeCoverage\CodeCoverage::append(): Implicitly marking parameter $id as 
nullable is deprecated, the explicit nullable type must be used instead in 
phar://E:/WelineFramework/DEV-workspace/extend/phpunit.phar/php-code-coverage/CodeCoverage.php on line 165
PHP Deprecated:  PHPUnit\SebastianBergmann\CodeCoverage\CodeCoverage::append(): Implicitly marking parameter $status 
as nullable is deprecated, the explicit nullable type must be used instead in 
phar://E:/WelineFramework/DEV-workspace/extend/phpunit.phar/php-code-coverage/CodeCoverage.php on line 165

Deprecated: PHPUnit\SebastianBergmann\CodeCoverage\CodeCoverage::stop(): Implicitly marking parameter $status as nullable is deprecated, the explicit nullable type must be used instead in phar://E:/WelineFramework/DEV-workspace/extend/phpunit.phar/php-code-coverage/CodeCoverage.php on line 149

Deprecated: PHPUnit\SebastianBergmann\CodeCoverage\CodeCoverage::append(): Implicitly marking parameter $id as nullable is deprecated, the explicit nullable type must be used instead in phar://E:/WelineFramework/DEV-workspace/extend/phpunit.phar/php-code-coverage/CodeCoverage.php on line 165

Deprecated: PHPUnit\SebastianBergmann\CodeCoverage\CodeCoverage::append(): Implicitly marking parameter $status as nullable is deprecated, the explicit nullable type must be used instead in phar://E:/WelineFramework/DEV-workspace/extend/phpunit.phar/php-code-coverage/CodeCoverage.php on line 165

Deprecated: PHPUnit\SebastianBergmann\CodeCoverage\Node\AbstractNode::__construct(): Implicitly marking parameter $parent as nullable is deprecated, the explicit nullable type must be used instead in phar://E:/WelineFramework/DEV-workspace/extend/phpunit.phar/php-code-coverage/Node/AbstractNode.php on line 36

Deprecated: PHPUnit\SebastianBergmann\Diff\ConfigurationException::__construct(): Implicitly marking parameter $previous as nullable is deprecated, the explicit nullable type must be used instead in phar://E:/WelineFramework/DEV-workspace/extend/phpunit.phar/sebastian-diff/Exception/ConfigurationException.php on line 20

Deprecated: PHPUnit\SebastianBergmann\Diff\Differ::diff(): Implicitly marking parameter $lcs as nullable is deprecated, the explicit nullable type must be used instead in phar://E:/WelineFramework/DEV-workspace/extend/phpunit.phar/sebastian-diff/Differ.php on line 44

Deprecated: PHPUnit\SebastianBergmann\Diff\Differ::diffToArray(): Implicitly marking parameter $lcs as nullable is deprecated, the explicit nullable type must be used instead in phar://E:/WelineFramework/DEV-workspace/extend/phpunit.phar/sebastian-diff/Differ.php on line 49

Deprecated: PHPUnit\SebastianBergmann\Exporter\Exporter::shortenedRecursiveExport(): Implicitly marking parameter $context as nullable is deprecated, the explicit nullable type must be used instead in phar://E:/WelineFramework/DEV-workspace/extend/phpunit.phar/sebastian-exporter/Exporter.php on line 68

Deprecated: PHPUnit\SebastianBergmann\GlobalState\Snapshot::__construct(): Implicitly marking parameter $excludeList as nullable is deprecated, the explicit nullable type must be used instead in phar://E:/WelineFramework/DEV-workspace/extend/phpunit.phar/sebastian-global-state/Snapshot.php on line 54

Deprecated: PHPUnit\TheSeer\Tokenizer\XMLSerializer::__construct(): Implicitly marking parameter $xmlns as nullable is deprecated, the explicit nullable type must be used instead in phar://E:/WelineFramework/DEV-workspace/extend/phpunit.phar/theseer-tokenizer/XMLSerializer.php on line 20

Deprecated: PHPUnit\Util\PHP\AbstractPhpProcess::getCommand(): Implicitly marking parameter $file as nullable is deprecated, the explicit nullable type must be used instead in phar://E:/WelineFramework/DEV-workspace/extend/phpunit.phar/phpunit/Util/PHP/AbstractPhpProcess.php on line 156
PHP Deprecated:  PHPUnit\SebastianBergmann\CodeCoverage\Node\AbstractNode::__construct(): Implicitly marking parameter 
$parent as nullable is deprecated, the explicit nullable type must be used instead in 
phar://E:/WelineFramework/DEV-workspace/extend/phpunit.phar/php-code-coverage/Node/AbstractNode.php on line 36
PHP Deprecated:  PHPUnit\SebastianBergmann\Diff\ConfigurationException::__construct(): Implicitly marking parameter 
$previous as nullable is deprecated, the explicit nullable type must be used instead in 
phar://E:/WelineFramework/DEV-workspace/extend/phpunit.phar/sebastian-diff/Exception/ConfigurationException.php on 
line 20
PHP Deprecated:  PHPUnit\SebastianBergmann\Diff\Differ::diff(): Implicitly marking parameter $lcs as nullable is 
deprecated, the explicit nullable type must be used instead in 
phar://E:/WelineFramework/DEV-workspace/extend/phpunit.phar/sebastian-diff/Differ.php on line 44
PHP Deprecated:  PHPUnit\SebastianBergmann\Diff\Differ::diffToArray(): Implicitly marking parameter $lcs as nullable 
is deprecated, the explicit nullable type must be used instead in 
phar://E:/WelineFramework/DEV-workspace/extend/phpunit.phar/sebastian-diff/Differ.php on line 49
PHP Deprecated:  PHPUnit\SebastianBergmann\Exporter\Exporter::shortenedRecursiveExport(): Implicitly marking parameter 
$context as nullable is deprecated, the explicit nullable type must be used instead in 
phar://E:/WelineFramework/DEV-workspace/extend/phpunit.phar/sebastian-exporter/Exporter.php on line 68
PHP Deprecated:  PHPUnit\SebastianBergmann\GlobalState\Snapshot::__construct(): Implicitly marking parameter 
$excludeList as nullable is deprecated, the explicit nullable type must be used instead in 
phar://E:/WelineFramework/DEV-workspace/extend/phpunit.phar/sebastian-global-state/Snapshot.php on line 54
PHP Deprecated:  PHPUnit\TheSeer\Tokenizer\XMLSerializer::__construct(): Implicitly marking parameter $xmlns as 
nullable is deprecated, the explicit nullable type must be used instead in 
phar://E:/WelineFramework/DEV-workspace/extend/phpunit.phar/theseer-tokenizer/XMLSerializer.php on line 20
PHP Deprecated:  PHPUnit\Util\PHP\AbstractPhpProcess::getCommand(): Implicitly marking parameter $file as nullable is 
deprecated, the explicit nullable type must be used instead in 
phar://E:/WelineFramework/DEV-workspace/extend/phpunit.phar/phpunit/Util/PHP/AbstractPhpProcess.php on line 156
PHPUnit 10.2.2 by Sebastian Bergmann and contributors.

Runtime:       PHP 8.4.16
Configuration: E:\WelineFramework\DEV-workspace\phpunit.xml

.........................................................         57 / 57 (100%)

Time: 00:00.126, Memory: 62.00 MB

OK (57 tests, 990 assertions)
